<?xml version="1.0" encoding="UTF-8"?>
<!-- Generated by org.testng.reporters.JUnitReportReporter -->
<testsuite hostname="KGM-LT-224" failures="0" tests="1" name="DummyPackage.testflipkartWNPUM" time="28.329" errors="0" timestamp="2024-12-04T12:12:58 IST" skipped="0">
  <testcase classname="DummyPackage.testflipkartWNPUM" name="verifyErrorMessageForUnregisteredNumber" time="28.329"/>
  <system-out/>
</testsuite> <!-- DummyPackage.testflipkartWNPUM -->
