<?xml version="1.0" encoding="UTF-8"?>
<!-- Generated by org.testng.reporters.JUnitReportReporter -->
<testsuite hostname="KGM-LT-224" failures="0" tests="1" name="DummyPackage.TestflipkartWrongNumbPopUpMassage" time="10.375" errors="0" timestamp="2024-12-10T11:34:29 IST" skipped="0">
  <testcase classname="DummyPackage.TestflipkartWrongNumbPopUpMassage" name="testLoginWithWrongNumber" time="10.375"/>
  <system-out/>
</testsuite> <!-- DummyPackage.TestflipkartWrongNumbPopUpMassage -->
